<?xml version="1.0" encoding="UTF-8"?>
<testng-results ignored="1" total="4" passed="3" failed="0" skipped="0">
  <reporter-output>
  </reporter-output>
  <suite started-at="2022-12-28T22:02:36 IST" name="All Test Suite" finished-at="2022-12-28T22:02:37 IST" duration-ms="94">
    <groups>
    </groups>
    <test started-at="2022-12-28T22:02:36 IST" name="C:/Users/Gauri K/IdeaProjects/SeleniumUI/src/test/java/veryBasicTestNG/testNGDemo.java" finished-at="2022-12-28T22:02:37 IST" duration-ms="94">
      <class name="veryBasicTestNG.testNGDemo">
        <test-method signature="testng_one()[pri:-5, instance:veryBasicTestNG.testNGDemo@776b83cc]" started-at="2022-12-28T22:02:37 IST" name="testng_one" finished-at="2022-12-28T22:02:37 IST" duration-ms="7" status="PASS">
          <reporter-output>
          </reporter-output>
        </test-method> <!-- testng_one -->
        <test-method signature="testng_two()[pri:5, instance:veryBasicTestNG.testNGDemo@776b83cc]" started-at="2022-12-28T22:02:37 IST" name="testng_two" finished-at="2022-12-28T22:02:37 IST" duration-ms="7" status="PASS">
          <reporter-output>
          </reporter-output>
        </test-method> <!-- testng_two -->
        <test-method signature="testng_three()[pri:18, instance:veryBasicTestNG.testNGDemo@776b83cc]" started-at="2022-12-28T22:02:37 IST" name="testng_three" finished-at="2022-12-28T22:02:37 IST" duration-ms="7" status="PASS">
          <reporter-output>
          </reporter-output>
        </test-method> <!-- testng_three -->
      </class> <!-- veryBasicTestNG.testNGDemo -->
    </test> <!-- C:/Users/Gauri K/IdeaProjects/SeleniumUI/src/test/java/veryBasicTestNG/testNGDemo.java -->
  </suite> <!-- All Test Suite -->
</testng-results>
